2018-01-03 10:25:35.872  INFO 8148 --- [restartedMain] com.fun.DemoApplication                  : Starting DemoApplication on DESKTOP-C8VSOHV with PID 8148 (F:\eclipse-web-64-win\workspace\demo\target\classes started by XHX in F:\eclipse-web-64-win\workspace\demo)
2018-01-03 10:25:35.873  INFO 8148 --- [restartedMain] com.fun.DemoApplication                  : No active profile set, falling back to default profiles: default
2018-01-03 10:25:35.876  INFO 8148 --- [restartedMain] ationConfigEmbeddedWebApplicationContext : Refreshing org.springframework.boot.context.embedded.AnnotationConfigEmbeddedWebApplicationContext@727f3c96: startup date [Wed Jan 03 10:25:35 CST 2018]; root of context hierarchy
2018-01-03 10:25:41.520  INFO 4148 --- [restartedMain] com.fun.DemoApplication                  : Starting DemoApplication on DESKTOP-C8VSOHV with PID 4148 (F:\eclipse-web-64-win\workspace\demo\target\classes started by XHX in F:\eclipse-web-64-win\workspace\demo)
2018-01-03 10:25:41.524  INFO 4148 --- [restartedMain] com.fun.DemoApplication                  : No active profile set, falling back to default profiles: default
2018-01-03 10:25:41.600  INFO 4148 --- [restartedMain] ationConfigEmbeddedWebApplicationContext : Refreshing org.springframework.boot.context.embedded.AnnotationConfigEmbeddedWebApplicationContext@22e2f47d: startup date [Wed Jan 03 10:25:41 CST 2018]; root of context hierarchy
2018-01-03 10:25:43.041  INFO 4148 --- [restartedMain] trationDelegate$BeanPostProcessorChecker : Bean 'org.springframework.transaction.annotation.ProxyTransactionManagementConfiguration' of type [class org.springframework.transaction.annotation.ProxyTransactionManagementConfiguration$$EnhancerBySpringCGLIB$$82c1b34d] is not eligible for getting processed by all BeanPostProcessors (for example: not eligible for auto-proxying)
2018-01-03 10:25:43.577  INFO 4148 --- [restartedMain] s.b.c.e.t.TomcatEmbeddedServletContainer : Tomcat initialized with port(s): 8081 (http)
2018-01-03 10:25:43.587  INFO 4148 --- [restartedMain] o.apache.catalina.core.StandardService   : Starting service Tomcat
2018-01-03 10:25:43.588  INFO 4148 --- [restartedMain] org.apache.catalina.core.StandardEngine  : Starting Servlet Engine: Apache Tomcat/8.5.4
2018-01-03 10:25:43.666  INFO 4148 --- [localhost-startStop-1] o.a.c.c.C.[Tomcat].[localhost].[/]       : Initializing Spring embedded WebApplicationContext
2018-01-03 10:25:43.666  INFO 4148 --- [localhost-startStop-1] o.s.web.context.ContextLoader            : Root WebApplicationContext: initialization completed in 2068 ms
2018-01-03 10:25:43.865  INFO 4148 --- [localhost-startStop-1] o.s.b.w.servlet.ServletRegistrationBean  : Mapping servlet: 'dispatcherServlet' to [/]
2018-01-03 10:25:43.866  INFO 4148 --- [localhost-startStop-1] o.s.b.w.servlet.ServletRegistrationBean  : Mapping servlet: 'com.fun.config.DruidStatViewServlet' to [/druid/*]
2018-01-03 10:25:43.868  INFO 4148 --- [localhost-startStop-1] o.s.b.w.servlet.FilterRegistrationBean   : Mapping filter: 'characterEncodingFilter' to: [/*]
2018-01-03 10:25:43.868  INFO 4148 --- [localhost-startStop-1] o.s.b.w.servlet.FilterRegistrationBean   : Mapping filter: 'hiddenHttpMethodFilter' to: [/*]
2018-01-03 10:25:43.869  INFO 4148 --- [localhost-startStop-1] o.s.b.w.servlet.FilterRegistrationBean   : Mapping filter: 'httpPutFormContentFilter' to: [/*]
2018-01-03 10:25:43.869  INFO 4148 --- [localhost-startStop-1] o.s.b.w.servlet.FilterRegistrationBean   : Mapping filter: 'requestContextFilter' to: [/*]
2018-01-03 10:25:44.422  INFO 4148 --- [restartedMain] s.w.s.m.m.a.RequestMappingHandlerAdapter : Looking for @ControllerAdvice: org.springframework.boot.context.embedded.AnnotationConfigEmbeddedWebApplicationContext@22e2f47d: startup date [Wed Jan 03 10:25:41 CST 2018]; root of context hierarchy
2018-01-03 10:25:44.502  INFO 4148 --- [restartedMain] s.w.s.m.m.a.RequestMappingHandlerMapping : Mapped "{[/showHello2]}" onto public java.lang.String com.fun.controller.DemoController.showHello2()
2018-01-03 10:25:44.502  INFO 4148 --- [restartedMain] s.w.s.m.m.a.RequestMappingHandlerMapping : Mapped "{[/showHello]}" onto public java.lang.String com.fun.controller.DemoController.showHello()
2018-01-03 10:25:44.503  INFO 4148 --- [restartedMain] s.w.s.m.m.a.RequestMappingHandlerMapping : Mapped "{[/showProject]}" onto public java.util.List<com.fun.bean.Project> com.fun.controller.DemoController.showProject(java.lang.Integer)
2018-01-03 10:25:44.503  INFO 4148 --- [restartedMain] s.w.s.m.m.a.RequestMappingHandlerMapping : Mapped "{[/showStudent]}" onto public com.fun.bean.Student com.fun.controller.DemoController.showStudent(java.lang.Integer)
2018-01-03 10:25:44.503  INFO 4148 --- [restartedMain] s.w.s.m.m.a.RequestMappingHandlerMapping : Mapped "{[/writelog]}" onto public java.lang.Object com.fun.controller.DemoController.writeLog()
2018-01-03 10:25:44.504  INFO 4148 --- [restartedMain] s.w.s.m.m.a.RequestMappingHandlerMapping : Mapped "{[/List]}" onto public java.util.List<java.lang.String> com.fun.controller.DemoController.showList()
2018-01-03 10:25:44.504  INFO 4148 --- [restartedMain] s.w.s.m.m.a.RequestMappingHandlerMapping : Mapped "{[/addUserInfo]}" onto public java.util.Map<java.lang.String, java.lang.Object> com.fun.controller.DemoController.addUserInfo(javax.servlet.http.HttpServletRequest,java.lang.String,java.lang.String,java.lang.String)
2018-01-03 10:25:44.504  INFO 4148 --- [restartedMain] s.w.s.m.m.a.RequestMappingHandlerMapping : Mapped "{[/Map]}" onto public java.util.Map<java.lang.String, java.lang.Object> com.fun.controller.DemoController.showMap()
2018-01-03 10:25:44.504  INFO 4148 --- [restartedMain] s.w.s.m.m.a.RequestMappingHandlerMapping : Mapped "{[/showSharing]}" onto public com.fun.bean.Sharing com.fun.controller.DemoController.showSharing(java.lang.Integer)
2018-01-03 10:25:44.504  INFO 4148 --- [restartedMain] s.w.s.m.m.a.RequestMappingHandlerMapping : Mapped "{[/insertSharing]}" onto public int com.fun.controller.DemoController.insertSharing(java.lang.String,java.lang.Integer)
2018-01-03 10:25:44.505  INFO 4148 --- [restartedMain] s.w.s.m.m.a.RequestMappingHandlerMapping : Mapped "{[/addMember]}" onto public java.util.Map<java.lang.String, java.lang.Object> com.fun.controller.DemoController.addMember(javax.servlet.http.HttpServletRequest,java.lang.String,java.lang.Integer)
2018-01-03 10:25:44.505  INFO 4148 --- [restartedMain] s.w.s.m.m.a.RequestMappingHandlerMapping : Mapped "{[/login]}" onto public java.util.Map<java.lang.String, java.lang.Object> com.fun.controller.DemoController.login(javax.servlet.http.HttpServletRequest,java.lang.String)
2018-01-03 10:25:44.505  INFO 4148 --- [restartedMain] s.w.s.m.m.a.RequestMappingHandlerMapping : Mapped "{[/addUserInfo1]}" onto public java.lang.String com.fun.controller.DemoController.addUserInfo1(java.lang.String,java.lang.String,java.lang.String,java.lang.Integer,java.lang.String)
2018-01-03 10:25:44.505  INFO 4148 --- [restartedMain] s.w.s.m.m.a.RequestMappingHandlerMapping : Mapped "{[/showUserinfo]}" onto public com.fun.bean.Userinfo com.fun.controller.DemoController.showUserinfo(javax.servlet.http.HttpServletRequest,java.lang.String)
2018-01-03 10:25:44.505  INFO 4148 --- [restartedMain] s.w.s.m.m.a.RequestMappingHandlerMapping : Mapped "{[/addActivity]}" onto public java.util.Map<java.lang.String, java.lang.Object> com.fun.controller.DemoController.addActivity(javax.servlet.http.HttpServletRequest,java.lang.String,java.lang.String,java.lang.String,java.lang.String,java.lang.String)
2018-01-03 10:25:44.505  INFO 4148 --- [restartedMain] s.w.s.m.m.a.RequestMappingHandlerMapping : Mapped "{[/showActivity]}" onto public java.util.Map<java.lang.String, java.lang.Object> com.fun.controller.DemoController.showActivity(javax.servlet.http.HttpServletRequest,java.lang.String,java.lang.Integer)
2018-01-03 10:25:44.506  INFO 4148 --- [restartedMain] s.w.s.m.m.a.RequestMappingHandlerMapping : Mapped "{[/Test1]}" onto public com.fun.bean.Visit com.fun.controller.DemoController.Test1(java.lang.Integer,java.lang.String)
2018-01-03 10:25:44.506  INFO 4148 --- [restartedMain] s.w.s.m.m.a.RequestMappingHandlerMapping : Mapped "{[/Test]}" onto public com.fun.bean.Visit com.fun.controller.DemoController.Test(java.lang.Integer,java.lang.String)
2018-01-03 10:25:44.506  INFO 4148 --- [restartedMain] s.w.s.m.m.a.RequestMappingHandlerMapping : Mapped "{[/showMyActivitys]}" onto public java.util.Map<java.lang.String, java.lang.Object> com.fun.controller.DemoController.showMyActivity(javax.servlet.http.HttpServletRequest,java.lang.String)
2018-01-03 10:25:44.509  INFO 4148 --- [restartedMain] s.w.s.m.m.a.RequestMappingHandlerMapping : Mapped "{[/error]}" onto public org.springframework.http.ResponseEntity<java.util.Map<java.lang.String, java.lang.Object>> org.springframework.boot.autoconfigure.web.BasicErrorController.error(javax.servlet.http.HttpServletRequest)
2018-01-03 10:25:44.509  INFO 4148 --- [restartedMain] s.w.s.m.m.a.RequestMappingHandlerMapping : Mapped "{[/error],produces=[text/html]}" onto public org.springframework.web.servlet.ModelAndView org.springframework.boot.autoconfigure.web.BasicErrorController.errorHtml(javax.servlet.http.HttpServletRequest,javax.servlet.http.HttpServletResponse)
2018-01-03 10:25:44.551  INFO 4148 --- [restartedMain] o.s.w.s.handler.SimpleUrlHandlerMapping  : Mapped URL path [/webjars/**] onto handler of type [class org.springframework.web.servlet.resource.ResourceHttpRequestHandler]
2018-01-03 10:25:44.551  INFO 4148 --- [restartedMain] o.s.w.s.handler.SimpleUrlHandlerMapping  : Mapped URL path [/**] onto handler of type [class org.springframework.web.servlet.resource.ResourceHttpRequestHandler]
2018-01-03 10:25:44.598  INFO 4148 --- [restartedMain] o.s.w.s.handler.SimpleUrlHandlerMapping  : Mapped URL path [/**/favicon.ico] onto handler of type [class org.springframework.web.servlet.resource.ResourceHttpRequestHandler]
2018-01-03 10:25:44.793  INFO 4148 --- [restartedMain] o.s.b.d.a.OptionalLiveReloadServer       : LiveReload server is running on port 35729
2018-01-03 10:25:44.989  INFO 4148 --- [restartedMain] o.s.j.e.a.AnnotationMBeanExporter        : Registering beans for JMX exposure on startup
2018-01-03 10:25:44.991  INFO 4148 --- [restartedMain] o.s.j.e.a.AnnotationMBeanExporter        : Bean with name 'dataSource' has been autodetected for JMX exposure
2018-01-03 10:25:44.996  INFO 4148 --- [restartedMain] o.s.j.e.a.AnnotationMBeanExporter        : Located MBean 'dataSource': registering with JMX server as MBean [com.alibaba.druid.pool:name=dataSource,type=DruidDataSource]
2018-01-03 10:25:45.045  INFO 4148 --- [restartedMain] s.b.c.e.t.TomcatEmbeddedServletContainer : Tomcat started on port(s): 8081 (http)
2018-01-03 10:25:45.051  INFO 4148 --- [restartedMain] com.fun.DemoApplication                  : Started DemoApplication in 3.931 seconds (JVM running for 4.314)
2018-01-03 10:26:32.627  INFO 4148 --- [Thread-5] ationConfigEmbeddedWebApplicationContext : Closing org.springframework.boot.context.embedded.AnnotationConfigEmbeddedWebApplicationContext@22e2f47d: startup date [Wed Jan 03 10:25:41 CST 2018]; root of context hierarchy
2018-01-03 10:26:32.630  INFO 4148 --- [Thread-5] o.s.j.e.a.AnnotationMBeanExporter        : Unregistering JMX-exposed beans on shutdown
2018-01-03 10:26:32.630  INFO 4148 --- [Thread-5] o.s.j.e.a.AnnotationMBeanExporter        : Unregistering JMX-exposed beans
